<?xml version="1.0" encoding="UTF-8"?>
<testng-results skipped="0" failed="0" ignored="0" total="1" passed="1">
  <reporter-output>
  </reporter-output>
  <suite name="Default suite" duration-ms="41591" started-at="2019-01-01T15:10:19Z" finished-at="2019-01-01T15:11:01Z">
    <groups>
    </groups>
    <test name="Default test" duration-ms="41591" started-at="2019-01-01T15:10:19Z" finished-at="2019-01-01T15:11:01Z">
      <class name="com.abhibus_User_Scripts.SearchBus_TC_102">
        <test-method status="PASS" signature="startTest()[pri:0, instance:com.abhibus_User_Scripts.SearchBus_TC_102@6a4f787b]" name="startTest" is-config="true" duration-ms="772" started-at="2019-01-01T15:10:19Z" finished-at="2019-01-01T15:10:20Z">
          <reporter-output>
          </reporter-output>
        </test-method> <!-- startTest -->
        <test-method status="PASS" signature="preConfig()[pri:0, instance:com.abhibus_User_Scripts.SearchBus_TC_102@6a4f787b]" name="preConfig" is-config="true" duration-ms="28097" started-at="2019-01-01T15:10:20Z" finished-at="2019-01-01T15:10:48Z">
          <reporter-output>
          </reporter-output>
        </test-method> <!-- preConfig -->
        <test-method status="PASS" signature="testSearchBus_TC_102()[pri:0, instance:com.abhibus_User_Scripts.SearchBus_TC_102@6a4f787b]" name="testSearchBus_TC_102" duration-ms="7708" started-at="2019-01-01T15:10:48Z" finished-at="2019-01-01T15:10:56Z">
          <reporter-output>
          </reporter-output>
        </test-method> <!-- testSearchBus_TC_102 -->
        <test-method status="PASS" signature="postConfig()[pri:0, instance:com.abhibus_User_Scripts.SearchBus_TC_102@6a4f787b]" name="postConfig" is-config="true" duration-ms="4119" started-at="2019-01-01T15:10:56Z" finished-at="2019-01-01T15:11:00Z">
          <reporter-output>
          </reporter-output>
        </test-method> <!-- postConfig -->
        <test-method status="PASS" signature="endTest()[pri:0, instance:com.abhibus_User_Scripts.SearchBus_TC_102@6a4f787b]" name="endTest" is-config="true" duration-ms="808" started-at="2019-01-01T15:11:00Z" finished-at="2019-01-01T15:11:01Z">
          <reporter-output>
          </reporter-output>
        </test-method> <!-- endTest -->
      </class> <!-- com.abhibus_User_Scripts.SearchBus_TC_102 -->
    </test> <!-- Default test -->
  </suite> <!-- Default suite -->
</testng-results>
