<?xml version="1.0" encoding="UTF-8"?>
<!-- Generated by org.testng.reporters.JUnitXMLReporter -->
<testsuite hostname="SunnysComputer" ignored="0" name="Default test" tests="5" failures="0" timestamp="19 Dec 2018 19:41:53 GMT" time="161.59" errors="0">
  <testcase name="testLoginLogoutTC_101" time="8.22" classname="com.abhibus_User_Scripts.LoginLogoutTC_101"/>
  <testcase name="testLoginLogoutTC_101" time="3.097" classname="com.abhibus_User_Scripts.LoginLogoutTC_101"/>
  <testcase name="testLoginLogoutTC_101" time="4.35" classname="com.abhibus_User_Scripts.LoginLogoutTC_101"/>
  <testcase name="testLoginLogoutTC_101" time="2.464" classname="com.abhibus_User_Scripts.LoginLogoutTC_101"/>
  <testcase name="testLoginLogoutTC_101" time="3.82" classname="com.abhibus_User_Scripts.LoginLogoutTC_101"/>
</testsuite> <!-- Default test -->
